[04-Apr-2024 03:44:23 UTC] EXCEPTION: syntax error, unexpected token ";", expecting ")" in C:\xampp\htdocs\staging_eknowledge\wp-content\themes\basic-theme\single.php on line 8
[04-Apr-2024 03:44:23 UTC] E_WARNING: scandir(C:\xampp\htdocs\staging_eknowledge/wp-content/uploads/wpide/backups/): The system cannot find the path specifi (code: 3) in C:\xampp\htdocs\staging_eknowledge\wp-content\fatal-error-handler.php on line 216
[04-Apr-2024 03:44:23 UTC] E_WARNING: scandir(C:\xampp\htdocs\staging_eknowledge/wp-content/uploads/wpide/backups/): Failed to open directory: No such file or directory in C:\xampp\htdocs\staging_eknowledge\wp-content\fatal-error-handler.php on line 216
[04-Apr-2024 03:44:23 UTC] E_WARNING: scandir(): (errno 2): No such file or directory in C:\xampp\htdocs\staging_eknowledge\wp-content\fatal-error-handler.php on line 216
[04-Apr-2024 03:44:30 UTC] EXCEPTION: syntax error, unexpected token ";", expecting ")" in C:\xampp\htdocs\staging_eknowledge\wp-content\themes\basic-theme\single.php on line 8
[04-Apr-2024 03:44:30 UTC] E_WARNING: scandir(C:\xampp\htdocs\staging_eknowledge/wp-content/uploads/wpide/backups/): The system cannot find the path specifi (code: 3) in C:\xampp\htdocs\staging_eknowledge\wp-content\fatal-error-handler.php on line 216
[04-Apr-2024 03:44:30 UTC] E_WARNING: scandir(C:\xampp\htdocs\staging_eknowledge/wp-content/uploads/wpide/backups/): Failed to open directory: No such file or directory in C:\xampp\htdocs\staging_eknowledge\wp-content\fatal-error-handler.php on line 216
[04-Apr-2024 03:44:30 UTC] E_WARNING: scandir(): (errno 2): No such file or directory in C:\xampp\htdocs\staging_eknowledge\wp-content\fatal-error-handler.php on line 216
[04-Apr-2024 04:02:49 UTC] E_USER_WARNING: An unexpected error occurred. Something may be wrong with WordPress.org or this server&#8217;s configuration. If you continue to have problems, please try the support forums. (WordPress could not establish a secure connection to WordPress.org. Please contact your server administrator.) in C:\xampp\htdocs\staging_eknowledge\wp-admin\includes\plugin-install.php on line 183
[04-Apr-2024 04:08:50 UTC] E_WARNING: file_put_contents(C:\xampp\htdocs\staging_eknowledge/wp-content/themes/basic-theme/acf-json/post_type_66027ce7801bc.json): Failed to open stream: No such file or directory in C:\xampp\htdocs\staging_eknowledge\wp-content\plugins\advanced-custom-fields\includes\local-json.php on line 448
[04-Apr-2024 04:09:07 UTC] E_WARNING: file_put_contents(C:\xampp\htdocs\staging_eknowledge/wp-content/themes/basic-theme/acf-json/post_type_66027d2f3120f.json): Failed to open stream: No such file or directory in C:\xampp\htdocs\staging_eknowledge\wp-content\plugins\advanced-custom-fields\includes\local-json.php on line 448
[04-Apr-2024 04:09:19 UTC] E_WARNING: file_put_contents(C:\xampp\htdocs\staging_eknowledge/wp-content/themes/basic-theme/acf-json/post_type_6603802aeebc2.json): Failed to open stream: No such file or directory in C:\xampp\htdocs\staging_eknowledge\wp-content\plugins\advanced-custom-fields\includes\local-json.php on line 448
[04-Apr-2024 04:09:37 UTC] PHP Fatal error:  Cannot redeclare custom_comment_callback() (previously declared in C:\xampp\htdocs\staging_eknowledge\wp-content\themes\basic-theme\comments.php:22) in C:\xampp\htdocs\staging_eknowledge\wp-content\themes\basic-theme\comments.php on line 63
[04-Apr-2024 04:09:37 UTC] E_COMPILE_ERROR: Cannot redeclare custom_comment_callback() (previously declared in C:\xampp\htdocs\staging_eknowledge\wp-content\themes\basic-theme\comments.php:22) in C:\xampp\htdocs\staging_eknowledge\wp-content\themes\basic-theme\comments.php on line 63
[04-Apr-2024 04:09:37 UTC] E_WARNING: scandir(C:\xampp\htdocs\staging_eknowledge/wp-content/uploads/wpide/backups/): The system cannot find the path specifi (code: 3) in C:\xampp\htdocs\staging_eknowledge\wp-content\fatal-error-handler.php on line 216
[04-Apr-2024 04:09:37 UTC] E_WARNING: scandir(C:\xampp\htdocs\staging_eknowledge/wp-content/uploads/wpide/backups/): Failed to open directory: No such file or directory in C:\xampp\htdocs\staging_eknowledge\wp-content\fatal-error-handler.php on line 216
[04-Apr-2024 04:09:37 UTC] E_WARNING: scandir(): (errno 2): No such file or directory in C:\xampp\htdocs\staging_eknowledge\wp-content\fatal-error-handler.php on line 216
[04-Apr-2024 04:10:13 UTC] E_WARNING: file_put_contents(C:\xampp\htdocs\staging_eknowledge/wp-content/themes/basic-theme/acf-json/post_type_66027d42175f1.json): Failed to open stream: No such file or directory in C:\xampp\htdocs\staging_eknowledge\wp-content\plugins\advanced-custom-fields\includes\local-json.php on line 448
[04-Apr-2024 04:28:05 UTC] E_USER_WARNING: An unexpected error occurred. Something may be wrong with WordPress.org or this server&#8217;s configuration. If you continue to have problems, please try the support forums. (WordPress could not establish a secure connection to WordPress.org. Please contact your server administrator.) in C:\xampp\htdocs\staging_eknowledge\wp-includes\update.php on line 449
[19-Apr-2024 06:59:53 UTC] E_WARNING: opendir(C:\xampp\htdocs\staging_eknowledge/wp-content/uploads/forminator/temp/): Failed to open directory: No such file or directory in C:\xampp\htdocs\staging_eknowledge\wp-content\plugins\forminator\library\class-form-fields.php on line 142
[19-Apr-2024 08:21:16 UTC] E_WARNING: Undefined array key "mulaiCuti" in C:\xampp\htdocs\staging_eknowledge\wp-content\themes\basic-theme\page-izin.php on line 60
[19-Apr-2024 08:21:16 UTC] E_DEPRECATED: strtotime(): Passing null to parameter #1 ($datetime) of type string is deprecated in C:\xampp\htdocs\staging_eknowledge\wp-content\themes\basic-theme\page-izin.php on line 60
[19-Apr-2024 08:21:16 UTC] E_WARNING: Undefined array key "akhirCuti" in C:\xampp\htdocs\staging_eknowledge\wp-content\themes\basic-theme\page-izin.php on line 61
[19-Apr-2024 08:21:16 UTC] E_DEPRECATED: strtotime(): Passing null to parameter #1 ($datetime) of type string is deprecated in C:\xampp\htdocs\staging_eknowledge\wp-content\themes\basic-theme\page-izin.php on line 61
[19-Apr-2024 08:21:22 UTC] E_WARNING: Undefined array key "mulaiCuti" in C:\xampp\htdocs\staging_eknowledge\wp-content\themes\basic-theme\page-izin.php on line 60
[19-Apr-2024 08:21:22 UTC] E_DEPRECATED: strtotime(): Passing null to parameter #1 ($datetime) of type string is deprecated in C:\xampp\htdocs\staging_eknowledge\wp-content\themes\basic-theme\page-izin.php on line 60
[19-Apr-2024 08:21:22 UTC] E_WARNING: Undefined array key "akhirCuti" in C:\xampp\htdocs\staging_eknowledge\wp-content\themes\basic-theme\page-izin.php on line 61
[19-Apr-2024 08:21:22 UTC] E_DEPRECATED: strtotime(): Passing null to parameter #1 ($datetime) of type string is deprecated in C:\xampp\htdocs\staging_eknowledge\wp-content\themes\basic-theme\page-izin.php on line 61
[19-Apr-2024 08:23:10 UTC] E_WARNING: Undefined array key "mulaiCuti" in C:\xampp\htdocs\staging_eknowledge\wp-content\themes\basic-theme\page-izin.php on line 60
[19-Apr-2024 08:23:10 UTC] E_DEPRECATED: strtotime(): Passing null to parameter #1 ($datetime) of type string is deprecated in C:\xampp\htdocs\staging_eknowledge\wp-content\themes\basic-theme\page-izin.php on line 60
[19-Apr-2024 08:23:10 UTC] E_WARNING: Undefined array key "akhirCuti" in C:\xampp\htdocs\staging_eknowledge\wp-content\themes\basic-theme\page-izin.php on line 61
[19-Apr-2024 08:23:10 UTC] E_DEPRECATED: strtotime(): Passing null to parameter #1 ($datetime) of type string is deprecated in C:\xampp\htdocs\staging_eknowledge\wp-content\themes\basic-theme\page-izin.php on line 61
[19-Apr-2024 08:23:51 UTC] E_WARNING: Undefined array key "mulaiCuti" in C:\xampp\htdocs\staging_eknowledge\wp-content\themes\basic-theme\page-izin.php on line 60
[19-Apr-2024 08:23:51 UTC] E_DEPRECATED: strtotime(): Passing null to parameter #1 ($datetime) of type string is deprecated in C:\xampp\htdocs\staging_eknowledge\wp-content\themes\basic-theme\page-izin.php on line 60
[19-Apr-2024 08:23:51 UTC] E_WARNING: Undefined array key "akhirCuti" in C:\xampp\htdocs\staging_eknowledge\wp-content\themes\basic-theme\page-izin.php on line 61
[19-Apr-2024 08:23:51 UTC] E_DEPRECATED: strtotime(): Passing null to parameter #1 ($datetime) of type string is deprecated in C:\xampp\htdocs\staging_eknowledge\wp-content\themes\basic-theme\page-izin.php on line 61
[19-Apr-2024 08:24:21 UTC] E_WARNING: Undefined array key "mulaiCuti" in C:\xampp\htdocs\staging_eknowledge\wp-content\themes\basic-theme\page-izin.php on line 60
[19-Apr-2024 08:24:21 UTC] E_DEPRECATED: strtotime(): Passing null to parameter #1 ($datetime) of type string is deprecated in C:\xampp\htdocs\staging_eknowledge\wp-content\themes\basic-theme\page-izin.php on line 60
[19-Apr-2024 08:24:21 UTC] E_WARNING: Undefined array key "akhirCuti" in C:\xampp\htdocs\staging_eknowledge\wp-content\themes\basic-theme\page-izin.php on line 61
[19-Apr-2024 08:24:21 UTC] E_DEPRECATED: strtotime(): Passing null to parameter #1 ($datetime) of type string is deprecated in C:\xampp\htdocs\staging_eknowledge\wp-content\themes\basic-theme\page-izin.php on line 61
[19-Apr-2024 08:59:15 UTC] E_WARNING: Undefined array key "mulaiCuti" in C:\xampp\htdocs\staging_eknowledge\wp-content\themes\basic-theme\page-izin.php on line 60
[19-Apr-2024 08:59:15 UTC] E_DEPRECATED: strtotime(): Passing null to parameter #1 ($datetime) of type string is deprecated in C:\xampp\htdocs\staging_eknowledge\wp-content\themes\basic-theme\page-izin.php on line 60
[19-Apr-2024 08:59:15 UTC] E_WARNING: Undefined array key "akhirCuti" in C:\xampp\htdocs\staging_eknowledge\wp-content\themes\basic-theme\page-izin.php on line 61
[19-Apr-2024 08:59:15 UTC] E_DEPRECATED: strtotime(): Passing null to parameter #1 ($datetime) of type string is deprecated in C:\xampp\htdocs\staging_eknowledge\wp-content\themes\basic-theme\page-izin.php on line 61
[19-Apr-2024 08:59:44 UTC] E_WARNING: Undefined array key "mulaiCuti" in C:\xampp\htdocs\staging_eknowledge\wp-content\themes\basic-theme\page-izin.php on line 60
[19-Apr-2024 08:59:44 UTC] E_DEPRECATED: strtotime(): Passing null to parameter #1 ($datetime) of type string is deprecated in C:\xampp\htdocs\staging_eknowledge\wp-content\themes\basic-theme\page-izin.php on line 60
[19-Apr-2024 08:59:44 UTC] E_WARNING: Undefined array key "akhirCuti" in C:\xampp\htdocs\staging_eknowledge\wp-content\themes\basic-theme\page-izin.php on line 61
[19-Apr-2024 08:59:44 UTC] E_DEPRECATED: strtotime(): Passing null to parameter #1 ($datetime) of type string is deprecated in C:\xampp\htdocs\staging_eknowledge\wp-content\themes\basic-theme\page-izin.php on line 61
[19-Apr-2024 09:02:03 UTC] E_WARNING: Undefined array key "mulaiCuti" in C:\xampp\htdocs\staging_eknowledge\wp-content\themes\basic-theme\page-izin.php on line 60
[19-Apr-2024 09:02:03 UTC] E_DEPRECATED: strtotime(): Passing null to parameter #1 ($datetime) of type string is deprecated in C:\xampp\htdocs\staging_eknowledge\wp-content\themes\basic-theme\page-izin.php on line 60
[19-Apr-2024 09:02:03 UTC] E_WARNING: Undefined array key "akhirCuti" in C:\xampp\htdocs\staging_eknowledge\wp-content\themes\basic-theme\page-izin.php on line 61
[19-Apr-2024 09:02:03 UTC] E_DEPRECATED: strtotime(): Passing null to parameter #1 ($datetime) of type string is deprecated in C:\xampp\htdocs\staging_eknowledge\wp-content\themes\basic-theme\page-izin.php on line 61
[19-Apr-2024 09:05:11 UTC] E_WARNING: Undefined array key "mulaiCuti" in C:\xampp\htdocs\staging_eknowledge\wp-content\themes\basic-theme\page-izin.php on line 60
[19-Apr-2024 09:05:11 UTC] E_DEPRECATED: strtotime(): Passing null to parameter #1 ($datetime) of type string is deprecated in C:\xampp\htdocs\staging_eknowledge\wp-content\themes\basic-theme\page-izin.php on line 60
[19-Apr-2024 09:05:11 UTC] E_WARNING: Undefined array key "akhirCuti" in C:\xampp\htdocs\staging_eknowledge\wp-content\themes\basic-theme\page-izin.php on line 61
[19-Apr-2024 09:05:11 UTC] E_DEPRECATED: strtotime(): Passing null to parameter #1 ($datetime) of type string is deprecated in C:\xampp\htdocs\staging_eknowledge\wp-content\themes\basic-theme\page-izin.php on line 61
[19-Apr-2024 09:05:23 UTC] E_WARNING: Undefined array key "mulaiCuti" in C:\xampp\htdocs\staging_eknowledge\wp-content\themes\basic-theme\page-izin.php on line 60
[19-Apr-2024 09:05:23 UTC] E_DEPRECATED: strtotime(): Passing null to parameter #1 ($datetime) of type string is deprecated in C:\xampp\htdocs\staging_eknowledge\wp-content\themes\basic-theme\page-izin.php on line 60
[19-Apr-2024 09:05:23 UTC] E_WARNING: Undefined array key "akhirCuti" in C:\xampp\htdocs\staging_eknowledge\wp-content\themes\basic-theme\page-izin.php on line 61
[19-Apr-2024 09:05:23 UTC] E_DEPRECATED: strtotime(): Passing null to parameter #1 ($datetime) of type string is deprecated in C:\xampp\htdocs\staging_eknowledge\wp-content\themes\basic-theme\page-izin.php on line 61
[19-Apr-2024 09:05:30 UTC] E_WARNING: Undefined array key "mulaiCuti" in C:\xampp\htdocs\staging_eknowledge\wp-content\themes\basic-theme\page-izin.php on line 60
[19-Apr-2024 09:05:30 UTC] E_DEPRECATED: strtotime(): Passing null to parameter #1 ($datetime) of type string is deprecated in C:\xampp\htdocs\staging_eknowledge\wp-content\themes\basic-theme\page-izin.php on line 60
[19-Apr-2024 09:05:30 UTC] E_WARNING: Undefined array key "akhirCuti" in C:\xampp\htdocs\staging_eknowledge\wp-content\themes\basic-theme\page-izin.php on line 61
[19-Apr-2024 09:05:30 UTC] E_DEPRECATED: strtotime(): Passing null to parameter #1 ($datetime) of type string is deprecated in C:\xampp\htdocs\staging_eknowledge\wp-content\themes\basic-theme\page-izin.php on line 61
[19-Apr-2024 09:05:36 UTC] E_WARNING: Undefined array key "mulaiCuti" in C:\xampp\htdocs\staging_eknowledge\wp-content\themes\basic-theme\page-izin.php on line 60
[19-Apr-2024 09:05:36 UTC] E_DEPRECATED: strtotime(): Passing null to parameter #1 ($datetime) of type string is deprecated in C:\xampp\htdocs\staging_eknowledge\wp-content\themes\basic-theme\page-izin.php on line 60
[19-Apr-2024 09:05:36 UTC] E_WARNING: Undefined array key "akhirCuti" in C:\xampp\htdocs\staging_eknowledge\wp-content\themes\basic-theme\page-izin.php on line 61
[19-Apr-2024 09:05:36 UTC] E_DEPRECATED: strtotime(): Passing null to parameter #1 ($datetime) of type string is deprecated in C:\xampp\htdocs\staging_eknowledge\wp-content\themes\basic-theme\page-izin.php on line 61
[19-Apr-2024 09:09:50 UTC] E_WARNING: Undefined array key "mulaiCuti" in C:\xampp\htdocs\staging_eknowledge\wp-content\themes\basic-theme\page-izin.php on line 61
[19-Apr-2024 09:09:50 UTC] E_DEPRECATED: strtotime(): Passing null to parameter #1 ($datetime) of type string is deprecated in C:\xampp\htdocs\staging_eknowledge\wp-content\themes\basic-theme\page-izin.php on line 61
[19-Apr-2024 09:09:50 UTC] E_WARNING: Undefined array key "akhirCuti" in C:\xampp\htdocs\staging_eknowledge\wp-content\themes\basic-theme\page-izin.php on line 62
[19-Apr-2024 09:09:50 UTC] E_DEPRECATED: strtotime(): Passing null to parameter #1 ($datetime) of type string is deprecated in C:\xampp\htdocs\staging_eknowledge\wp-content\themes\basic-theme\page-izin.php on line 62
[19-Apr-2024 09:10:06 UTC] E_WARNING: Undefined array key "mulaiCuti" in C:\xampp\htdocs\staging_eknowledge\wp-content\themes\basic-theme\page-izin.php on line 61
[19-Apr-2024 09:10:06 UTC] E_DEPRECATED: strtotime(): Passing null to parameter #1 ($datetime) of type string is deprecated in C:\xampp\htdocs\staging_eknowledge\wp-content\themes\basic-theme\page-izin.php on line 61
[19-Apr-2024 09:10:06 UTC] E_WARNING: Undefined array key "akhirCuti" in C:\xampp\htdocs\staging_eknowledge\wp-content\themes\basic-theme\page-izin.php on line 62
[19-Apr-2024 09:10:06 UTC] E_DEPRECATED: strtotime(): Passing null to parameter #1 ($datetime) of type string is deprecated in C:\xampp\htdocs\staging_eknowledge\wp-content\themes\basic-theme\page-izin.php on line 62
[19-Apr-2024 09:11:56 UTC] E_WARNING: Undefined array key "mulaiCuti" in C:\xampp\htdocs\staging_eknowledge\wp-content\themes\basic-theme\page-izin.php on line 61
[19-Apr-2024 09:11:56 UTC] E_DEPRECATED: strtotime(): Passing null to parameter #1 ($datetime) of type string is deprecated in C:\xampp\htdocs\staging_eknowledge\wp-content\themes\basic-theme\page-izin.php on line 61
[19-Apr-2024 09:11:56 UTC] E_WARNING: Undefined array key "akhirCuti" in C:\xampp\htdocs\staging_eknowledge\wp-content\themes\basic-theme\page-izin.php on line 62
[19-Apr-2024 09:11:56 UTC] E_DEPRECATED: strtotime(): Passing null to parameter #1 ($datetime) of type string is deprecated in C:\xampp\htdocs\staging_eknowledge\wp-content\themes\basic-theme\page-izin.php on line 62
[19-Apr-2024 09:13:50 UTC] E_WARNING: Undefined array key "mulaiCuti" in C:\xampp\htdocs\staging_eknowledge\wp-content\themes\basic-theme\page-izin.php on line 68
[19-Apr-2024 09:13:50 UTC] E_DEPRECATED: strtotime(): Passing null to parameter #1 ($datetime) of type string is deprecated in C:\xampp\htdocs\staging_eknowledge\wp-content\themes\basic-theme\page-izin.php on line 68
[19-Apr-2024 09:13:50 UTC] E_WARNING: Undefined array key "akhirCuti" in C:\xampp\htdocs\staging_eknowledge\wp-content\themes\basic-theme\page-izin.php on line 69
[19-Apr-2024 09:13:50 UTC] E_DEPRECATED: strtotime(): Passing null to parameter #1 ($datetime) of type string is deprecated in C:\xampp\htdocs\staging_eknowledge\wp-content\themes\basic-theme\page-izin.php on line 69
[19-Apr-2024 09:14:15 UTC] E_WARNING: Undefined array key "mulaiCuti" in C:\xampp\htdocs\staging_eknowledge\wp-content\themes\basic-theme\page-izin.php on line 68
[19-Apr-2024 09:14:15 UTC] E_DEPRECATED: strtotime(): Passing null to parameter #1 ($datetime) of type string is deprecated in C:\xampp\htdocs\staging_eknowledge\wp-content\themes\basic-theme\page-izin.php on line 68
[19-Apr-2024 09:14:15 UTC] E_WARNING: Undefined array key "akhirCuti" in C:\xampp\htdocs\staging_eknowledge\wp-content\themes\basic-theme\page-izin.php on line 69
[19-Apr-2024 09:14:15 UTC] E_DEPRECATED: strtotime(): Passing null to parameter #1 ($datetime) of type string is deprecated in C:\xampp\htdocs\staging_eknowledge\wp-content\themes\basic-theme\page-izin.php on line 69
[19-Apr-2024 09:14:49 UTC] E_WARNING: Undefined array key "mulaiCuti" in C:\xampp\htdocs\staging_eknowledge\wp-content\themes\basic-theme\page-izin.php on line 68
[19-Apr-2024 09:14:49 UTC] E_DEPRECATED: strtotime(): Passing null to parameter #1 ($datetime) of type string is deprecated in C:\xampp\htdocs\staging_eknowledge\wp-content\themes\basic-theme\page-izin.php on line 68
[19-Apr-2024 09:14:49 UTC] E_WARNING: Undefined array key "akhirCuti" in C:\xampp\htdocs\staging_eknowledge\wp-content\themes\basic-theme\page-izin.php on line 69
[19-Apr-2024 09:14:49 UTC] E_DEPRECATED: strtotime(): Passing null to parameter #1 ($datetime) of type string is deprecated in C:\xampp\htdocs\staging_eknowledge\wp-content\themes\basic-theme\page-izin.php on line 69
[19-Apr-2024 09:15:18 UTC] E_WARNING: Undefined array key "mulaiCuti" in C:\xampp\htdocs\staging_eknowledge\wp-content\themes\basic-theme\page-izin.php on line 68
[19-Apr-2024 09:15:18 UTC] E_DEPRECATED: strtotime(): Passing null to parameter #1 ($datetime) of type string is deprecated in C:\xampp\htdocs\staging_eknowledge\wp-content\themes\basic-theme\page-izin.php on line 68
[19-Apr-2024 09:15:18 UTC] E_WARNING: Undefined array key "akhirCuti" in C:\xampp\htdocs\staging_eknowledge\wp-content\themes\basic-theme\page-izin.php on line 69
[19-Apr-2024 09:15:18 UTC] E_DEPRECATED: strtotime(): Passing null to parameter #1 ($datetime) of type string is deprecated in C:\xampp\htdocs\staging_eknowledge\wp-content\themes\basic-theme\page-izin.php on line 69
[19-Apr-2024 09:15:18 UTC] E_USER_DEPRECATED: Function the_block_template_skip_link is deprecated since version 6.4.0! Use wp_enqueue_block_template_skip_link() instead. in C:\xampp\htdocs\staging_eknowledge\wp-includes\functions.php on line 6031
[19-Apr-2024 09:15:26 UTC] E_WARNING: Undefined array key "mulaiCuti" in C:\xampp\htdocs\staging_eknowledge\wp-content\themes\basic-theme\page-izin.php on line 68
[19-Apr-2024 09:15:26 UTC] E_DEPRECATED: strtotime(): Passing null to parameter #1 ($datetime) of type string is deprecated in C:\xampp\htdocs\staging_eknowledge\wp-content\themes\basic-theme\page-izin.php on line 68
[19-Apr-2024 09:15:26 UTC] E_WARNING: Undefined array key "akhirCuti" in C:\xampp\htdocs\staging_eknowledge\wp-content\themes\basic-theme\page-izin.php on line 69
[19-Apr-2024 09:15:26 UTC] E_DEPRECATED: strtotime(): Passing null to parameter #1 ($datetime) of type string is deprecated in C:\xampp\htdocs\staging_eknowledge\wp-content\themes\basic-theme\page-izin.php on line 69
[19-Apr-2024 09:15:37 UTC] E_WARNING: Undefined array key "mulaiCuti" in C:\xampp\htdocs\staging_eknowledge\wp-content\themes\basic-theme\page-izin.php on line 68
[19-Apr-2024 09:15:37 UTC] E_DEPRECATED: strtotime(): Passing null to parameter #1 ($datetime) of type string is deprecated in C:\xampp\htdocs\staging_eknowledge\wp-content\themes\basic-theme\page-izin.php on line 68
[19-Apr-2024 09:15:37 UTC] E_WARNING: Undefined array key "akhirCuti" in C:\xampp\htdocs\staging_eknowledge\wp-content\themes\basic-theme\page-izin.php on line 69
[19-Apr-2024 09:15:37 UTC] E_DEPRECATED: strtotime(): Passing null to parameter #1 ($datetime) of type string is deprecated in C:\xampp\htdocs\staging_eknowledge\wp-content\themes\basic-theme\page-izin.php on line 69
[19-Apr-2024 09:15:58 UTC] E_WARNING: Undefined array key "mulaiCuti" in C:\xampp\htdocs\staging_eknowledge\wp-content\themes\basic-theme\page-izin.php on line 68
[19-Apr-2024 09:15:58 UTC] E_DEPRECATED: strtotime(): Passing null to parameter #1 ($datetime) of type string is deprecated in C:\xampp\htdocs\staging_eknowledge\wp-content\themes\basic-theme\page-izin.php on line 68
[19-Apr-2024 09:15:58 UTC] E_WARNING: Undefined array key "akhirCuti" in C:\xampp\htdocs\staging_eknowledge\wp-content\themes\basic-theme\page-izin.php on line 69
[19-Apr-2024 09:15:58 UTC] E_DEPRECATED: strtotime(): Passing null to parameter #1 ($datetime) of type string is deprecated in C:\xampp\htdocs\staging_eknowledge\wp-content\themes\basic-theme\page-izin.php on line 69
[19-Apr-2024 09:17:25 UTC] E_WARNING: Undefined array key "mulaiCuti" in C:\xampp\htdocs\staging_eknowledge\wp-content\themes\basic-theme\page-izin.php on line 68
[19-Apr-2024 09:17:25 UTC] E_DEPRECATED: strtotime(): Passing null to parameter #1 ($datetime) of type string is deprecated in C:\xampp\htdocs\staging_eknowledge\wp-content\themes\basic-theme\page-izin.php on line 68
[19-Apr-2024 09:17:25 UTC] E_WARNING: Undefined array key "akhirCuti" in C:\xampp\htdocs\staging_eknowledge\wp-content\themes\basic-theme\page-izin.php on line 69
[19-Apr-2024 09:17:25 UTC] E_DEPRECATED: strtotime(): Passing null to parameter #1 ($datetime) of type string is deprecated in C:\xampp\htdocs\staging_eknowledge\wp-content\themes\basic-theme\page-izin.php on line 69
[19-Apr-2024 09:17:49 UTC] E_WARNING: Undefined array key "mulaiCuti" in C:\xampp\htdocs\staging_eknowledge\wp-content\themes\basic-theme\page-izin.php on line 68
[19-Apr-2024 09:17:49 UTC] E_DEPRECATED: strtotime(): Passing null to parameter #1 ($datetime) of type string is deprecated in C:\xampp\htdocs\staging_eknowledge\wp-content\themes\basic-theme\page-izin.php on line 68
[19-Apr-2024 09:17:49 UTC] E_WARNING: Undefined array key "akhirCuti" in C:\xampp\htdocs\staging_eknowledge\wp-content\themes\basic-theme\page-izin.php on line 69
[19-Apr-2024 09:17:49 UTC] E_DEPRECATED: strtotime(): Passing null to parameter #1 ($datetime) of type string is deprecated in C:\xampp\htdocs\staging_eknowledge\wp-content\themes\basic-theme\page-izin.php on line 69
[19-Apr-2024 09:18:15 UTC] E_WARNING: Undefined array key "mulaiCuti" in C:\xampp\htdocs\staging_eknowledge\wp-content\themes\basic-theme\page-izin.php on line 68
[19-Apr-2024 09:18:15 UTC] E_DEPRECATED: strtotime(): Passing null to parameter #1 ($datetime) of type string is deprecated in C:\xampp\htdocs\staging_eknowledge\wp-content\themes\basic-theme\page-izin.php on line 68
[19-Apr-2024 09:18:15 UTC] E_WARNING: Undefined array key "akhirCuti" in C:\xampp\htdocs\staging_eknowledge\wp-content\themes\basic-theme\page-izin.php on line 69
[19-Apr-2024 09:18:15 UTC] E_DEPRECATED: strtotime(): Passing null to parameter #1 ($datetime) of type string is deprecated in C:\xampp\htdocs\staging_eknowledge\wp-content\themes\basic-theme\page-izin.php on line 69
[19-Apr-2024 09:18:25 UTC] E_WARNING: Undefined array key "mulaiCuti" in C:\xampp\htdocs\staging_eknowledge\wp-content\themes\basic-theme\page-izin.php on line 68
[19-Apr-2024 09:18:25 UTC] E_DEPRECATED: strtotime(): Passing null to parameter #1 ($datetime) of type string is deprecated in C:\xampp\htdocs\staging_eknowledge\wp-content\themes\basic-theme\page-izin.php on line 68
[19-Apr-2024 09:18:25 UTC] E_WARNING: Undefined array key "akhirCuti" in C:\xampp\htdocs\staging_eknowledge\wp-content\themes\basic-theme\page-izin.php on line 69
[19-Apr-2024 09:18:25 UTC] E_DEPRECATED: strtotime(): Passing null to parameter #1 ($datetime) of type string is deprecated in C:\xampp\htdocs\staging_eknowledge\wp-content\themes\basic-theme\page-izin.php on line 69
[19-Apr-2024 09:22:03 UTC] E_WARNING: Undefined array key "mulaiCuti" in C:\xampp\htdocs\staging_eknowledge\wp-content\themes\basic-theme\page-izin.php on line 68
[19-Apr-2024 09:22:03 UTC] E_DEPRECATED: strtotime(): Passing null to parameter #1 ($datetime) of type string is deprecated in C:\xampp\htdocs\staging_eknowledge\wp-content\themes\basic-theme\page-izin.php on line 68
[19-Apr-2024 09:22:03 UTC] E_WARNING: Undefined array key "akhirCuti" in C:\xampp\htdocs\staging_eknowledge\wp-content\themes\basic-theme\page-izin.php on line 69
[19-Apr-2024 09:22:03 UTC] E_DEPRECATED: strtotime(): Passing null to parameter #1 ($datetime) of type string is deprecated in C:\xampp\htdocs\staging_eknowledge\wp-content\themes\basic-theme\page-izin.php on line 69
[19-Apr-2024 09:22:52 UTC] E_WARNING: Undefined array key "mulaiCuti" in C:\xampp\htdocs\staging_eknowledge\wp-content\themes\basic-theme\page-izin.php on line 68
[19-Apr-2024 09:22:52 UTC] E_DEPRECATED: strtotime(): Passing null to parameter #1 ($datetime) of type string is deprecated in C:\xampp\htdocs\staging_eknowledge\wp-content\themes\basic-theme\page-izin.php on line 68
[19-Apr-2024 09:22:52 UTC] E_WARNING: Undefined array key "akhirCuti" in C:\xampp\htdocs\staging_eknowledge\wp-content\themes\basic-theme\page-izin.php on line 69
[19-Apr-2024 09:22:52 UTC] E_DEPRECATED: strtotime(): Passing null to parameter #1 ($datetime) of type string is deprecated in C:\xampp\htdocs\staging_eknowledge\wp-content\themes\basic-theme\page-izin.php on line 69
[22-Apr-2024 04:36:37 UTC] E_WARNING: opendir(C:\xampp\htdocs\staging_eknowledge/wp-content/uploads/forminator/temp/): Failed to open directory: No such file or directory in C:\xampp\htdocs\staging_eknowledge\wp-content\plugins\forminator\library\class-form-fields.php on line 142
[22-Apr-2024 07:03:15 UTC] EXCEPTION: syntax error, unexpected token ",", expecting ")" in C:\xampp\htdocs\staging_eknowledge\wp-content\themes\basic-theme\page-izin.php on line 91
[22-Apr-2024 07:03:15 UTC] E_WARNING: scandir(C:\xampp\htdocs\staging_eknowledge/wp-content/uploads/wpide/backups/): The system cannot find the path specifi (code: 3) in C:\xampp\htdocs\staging_eknowledge\wp-content\fatal-error-handler.php on line 216
[22-Apr-2024 07:03:15 UTC] E_WARNING: scandir(C:\xampp\htdocs\staging_eknowledge/wp-content/uploads/wpide/backups/): Failed to open directory: No such file or directory in C:\xampp\htdocs\staging_eknowledge\wp-content\fatal-error-handler.php on line 216
[22-Apr-2024 07:03:15 UTC] E_WARNING: scandir(): (errno 2): No such file or directory in C:\xampp\htdocs\staging_eknowledge\wp-content\fatal-error-handler.php on line 216
[22-Apr-2024 07:12:42 UTC] EXCEPTION: Unclosed '{' on line 15 in C:\xampp\htdocs\staging_eknowledge\wp-content\themes\basic-theme\page-cuti.php on line 157
[22-Apr-2024 07:12:42 UTC] E_WARNING: scandir(C:\xampp\htdocs\staging_eknowledge/wp-content/uploads/wpide/backups/): The system cannot find the path specifi (code: 3) in C:\xampp\htdocs\staging_eknowledge\wp-content\fatal-error-handler.php on line 216
[22-Apr-2024 07:12:42 UTC] E_WARNING: scandir(C:\xampp\htdocs\staging_eknowledge/wp-content/uploads/wpide/backups/): Failed to open directory: No such file or directory in C:\xampp\htdocs\staging_eknowledge\wp-content\fatal-error-handler.php on line 216
[22-Apr-2024 07:12:42 UTC] E_WARNING: scandir(): (errno 2): No such file or directory in C:\xampp\htdocs\staging_eknowledge\wp-content\fatal-error-handler.php on line 216
[22-Apr-2024 07:12:49 UTC] EXCEPTION: Unclosed '{' on line 15 in C:\xampp\htdocs\staging_eknowledge\wp-content\themes\basic-theme\page-cuti.php on line 157
[22-Apr-2024 07:12:49 UTC] E_WARNING: scandir(C:\xampp\htdocs\staging_eknowledge/wp-content/uploads/wpide/backups/): The system cannot find the path specifi (code: 3) in C:\xampp\htdocs\staging_eknowledge\wp-content\fatal-error-handler.php on line 216
[22-Apr-2024 07:12:49 UTC] E_WARNING: scandir(C:\xampp\htdocs\staging_eknowledge/wp-content/uploads/wpide/backups/): Failed to open directory: No such file or directory in C:\xampp\htdocs\staging_eknowledge\wp-content\fatal-error-handler.php on line 216
[22-Apr-2024 07:12:49 UTC] E_WARNING: scandir(): (errno 2): No such file or directory in C:\xampp\htdocs\staging_eknowledge\wp-content\fatal-error-handler.php on line 216
[22-Apr-2024 07:15:18 UTC] E_WARNING: mysqli::__construct(): (HY000/1045): Access denied for user 'username'@'localhost' (using password: YES) in C:\xampp\htdocs\staging_eknowledge\wp-content\themes\basic-theme\page-cuti.php on line 88
[22-Apr-2024 08:28:03 UTC] E_WARNING: Undefined array key "lama_cuti" in C:\xampp\htdocs\staging_eknowledge\wp-content\themes\basic-theme\page-dbizin.php on line 44
[22-Apr-2024 09:17:02 UTC] EXCEPTION: syntax error, unexpected token "}", expecting "," or ";" in C:\xampp\htdocs\staging_eknowledge\wp-content\themes\basic-theme\page-dbizin.php on line 53
[22-Apr-2024 09:17:02 UTC] E_WARNING: scandir(C:\xampp\htdocs\staging_eknowledge/wp-content/uploads/wpide/backups/): The system cannot find the path specifi (code: 3) in C:\xampp\htdocs\staging_eknowledge\wp-content\fatal-error-handler.php on line 216
[22-Apr-2024 09:17:02 UTC] E_WARNING: scandir(C:\xampp\htdocs\staging_eknowledge/wp-content/uploads/wpide/backups/): Failed to open directory: No such file or directory in C:\xampp\htdocs\staging_eknowledge\wp-content\fatal-error-handler.php on line 216
[22-Apr-2024 09:17:02 UTC] E_WARNING: scandir(): (errno 2): No such file or directory in C:\xampp\htdocs\staging_eknowledge\wp-content\fatal-error-handler.php on line 216
[22-Apr-2024 09:17:27 UTC] EXCEPTION: syntax error, unexpected token "}", expecting "," or ";" in C:\xampp\htdocs\staging_eknowledge\wp-content\themes\basic-theme\page-dbizin.php on line 53
[22-Apr-2024 09:17:27 UTC] E_WARNING: scandir(C:\xampp\htdocs\staging_eknowledge/wp-content/uploads/wpide/backups/): The system cannot find the path specifi (code: 3) in C:\xampp\htdocs\staging_eknowledge\wp-content\fatal-error-handler.php on line 216
[22-Apr-2024 09:17:27 UTC] E_WARNING: scandir(C:\xampp\htdocs\staging_eknowledge/wp-content/uploads/wpide/backups/): Failed to open directory: No such file or directory in C:\xampp\htdocs\staging_eknowledge\wp-content\fatal-error-handler.php on line 216
[22-Apr-2024 09:17:27 UTC] E_WARNING: scandir(): (errno 2): No such file or directory in C:\xampp\htdocs\staging_eknowledge\wp-content\fatal-error-handler.php on line 216
[23-Apr-2024 02:15:44 UTC] E_WARNING: mail(): Failed to connect to mailserver at &quot;localhost&quot; port 25, verify your &quot;SMTP&quot; and &quot;smtp_port&quot; setting in php.ini or use ini_set() in C:\xampp\htdocs\staging_eknowledge\wp-includes\PHPMailer\PHPMailer.php on line 874
[23-Apr-2024 02:25:50 UTC] EXCEPTION: syntax error, unexpected single-quoted string "", expecting "," or ";" in C:\xampp\htdocs\staging_eknowledge\wp-content\themes\basic-theme\page-dbcuti.php on line 47
[23-Apr-2024 02:25:50 UTC] E_WARNING: scandir(C:\xampp\htdocs\staging_eknowledge/wp-content/uploads/wpide/backups/): The system cannot find the path specifi (code: 3) in C:\xampp\htdocs\staging_eknowledge\wp-content\fatal-error-handler.php on line 216
[23-Apr-2024 02:25:50 UTC] E_WARNING: scandir(C:\xampp\htdocs\staging_eknowledge/wp-content/uploads/wpide/backups/): Failed to open directory: No such file or directory in C:\xampp\htdocs\staging_eknowledge\wp-content\fatal-error-handler.php on line 216
[23-Apr-2024 02:25:50 UTC] E_WARNING: scandir(): (errno 2): No such file or directory in C:\xampp\htdocs\staging_eknowledge\wp-content\fatal-error-handler.php on line 216
[23-Apr-2024 05:37:33 UTC] E_WARNING: opendir(C:\xampp\htdocs\staging_eknowledge/wp-content/uploads/forminator/temp/): Failed to open directory: No such file or directory in C:\xampp\htdocs\staging_eknowledge\wp-content\plugins\forminator\library\class-form-fields.php on line 142
